[03-Jun-2015 07:03:29 Europe/Berlin] PHP Fatal error:  Using $this when not in object context in /var/www/toetsmaker/app/views/toetsen/show.phtml on line 6
[03-Jun-2015 07:03:31 Europe/Berlin] PHP Fatal error:  Using $this when not in object context in /var/www/toetsmaker/app/views/toetsen/edit.phtml on line 6
[03-Jun-2015 07:03:53 Europe/Berlin] PHP Fatal error:  Using $this when not in object context in /var/www/toetsmaker/app/views/toetsen/image.phtml on line 6
[03-Jun-2015 07:04:01 Europe/Berlin] PHP Fatal error:  Using $this when not in object context in /var/www/toetsmaker/app/views/toetsen/index.phtml on line 6
[03-Jun-2015 07:04:05 Europe/Berlin] PHP Fatal error:  Using $this when not in object context in /var/www/toetsmaker/app/views/toetsen/config.phtml on line 6
[03-Jun-2015 07:04:18 Europe/Berlin] PHP Fatal error:  Using $this when not in object context in /var/www/toetsmaker/app/views/toetsen/create.phtml on line 6
[03-Jun-2015 07:05:15 Europe/Berlin] PHP Fatal error:  Using $this when not in object context in /var/www/toetsmaker/app/views/toetsen/show.phtml.php on line 6
[03-Jun-2015 07:05:31 Europe/Berlin] PHP Fatal error:  Using $this when not in object context in /var/www/toetsmaker/app/views/toetsen/edit.phtml.php on line 6
[03-Jun-2015 07:05:40 Europe/Berlin] PHP Fatal error:  Using $this when not in object context in /var/www/toetsmaker/app/views/toetsen/image_up.phtml on line 6
[03-Jun-2015 07:05:48 Europe/Berlin] PHP Fatal error:  Using $this when not in object context in /var/www/toetsmaker/app/views/toetsen/image.phtml.php on line 6
[03-Jun-2015 07:05:52 Europe/Berlin] PHP Fatal error:  Using $this when not in object context in /var/www/toetsmaker/app/views/toetsen/questions.phtml on line 6
[03-Jun-2015 07:06:12 Europe/Berlin] PHP Fatal error:  Using $this when not in object context in /var/www/toetsmaker/app/views/toetsen/index.phtml.php on line 6
[03-Jun-2015 07:06:17 Europe/Berlin] PHP Fatal error:  Using $this when not in object context in /var/www/toetsmaker/app/views/toetsen/create.phtml.php on line 6
[03-Jun-2015 07:06:29 Europe/Berlin] PHP Fatal error:  Using $this when not in object context in /var/www/toetsmaker/app/views/toetsen/config.phtml.php on line 6
[03-Jun-2015 07:07:26 Europe/Berlin] PHP Fatal error:  Using $this when not in object context in /var/www/toetsmaker/app/views/toetsen/questions.phtml.php on line 6
[10-Jun-2015 03:40:57 Europe/Berlin] PHP Fatal error:  Using $this when not in object context in /var/www/toetsmaker/app/views/toetsen/show.phtml on line 6
[10-Jun-2015 04:16:17 Europe/Berlin] PHP Fatal error:  Using $this when not in object context in /var/www/toetsmaker/app/views/toetsen/edit.phtml on line 6
[10-Jun-2015 04:17:20 Europe/Berlin] PHP Fatal error:  Using $this when not in object context in /var/www/toetsmaker/app/views/toetsen/image.phtml on line 6
[10-Jun-2015 06:08:21 Europe/Berlin] PHP Fatal error:  Using $this when not in object context in /var/www/toetsmaker/app/views/toetsen/index.phtml on line 6
[10-Jun-2015 08:39:55 Europe/Berlin] PHP Fatal error:  Using $this when not in object context in /var/www/toetsmaker/app/views/toetsen/config.phtml on line 6
[10-Jun-2015 11:11:29 Europe/Berlin] PHP Fatal error:  Using $this when not in object context in /var/www/toetsmaker/app/views/toetsen/create.phtml on line 6
[11-Jun-2015 12:27:10 Europe/Berlin] PHP Fatal error:  Using $this when not in object context in /var/www/toetsmaker/app/views/toetsen/edit.phtml.php on line 6
[11-Jun-2015 13:42:58 Europe/Berlin] PHP Fatal error:  Using $this when not in object context in /var/www/toetsmaker/app/views/toetsen/image_up.phtml on line 6
[11-Jun-2015 20:01:53 Europe/Berlin] PHP Fatal error:  Using $this when not in object context in /var/www/toetsmaker/app/views/toetsen/questions.phtml on line 6
[11-Jun-2015 22:33:27 Europe/Berlin] PHP Fatal error:  Using $this when not in object context in /var/www/toetsmaker/app/views/toetsen/create.phtml.php on line 6
[12-Jun-2015 07:23:57 Europe/Berlin] PHP Fatal error:  Using $this when not in object context in /var/www/toetsmaker/app/views/toetsen/questions.phtml.php on line 6
[12-Jun-2015 11:11:18 Europe/Berlin] PHP Fatal error:  Using $this when not in object context in /var/www/toetsmaker/app/views/toetsen/show.phtml.php on line 6
[12-Jun-2015 18:46:01 Europe/Berlin] PHP Fatal error:  Using $this when not in object context in /var/www/toetsmaker/app/views/toetsen/image.phtml.php on line 6
[12-Jun-2015 20:01:47 Europe/Berlin] PHP Fatal error:  Using $this when not in object context in /var/www/toetsmaker/app/views/toetsen/index.phtml.php on line 6
[12-Jun-2015 23:49:09 Europe/Berlin] PHP Fatal error:  Using $this when not in object context in /var/www/toetsmaker/app/views/toetsen/config.phtml.php on line 6
